22/08/18 15:35:43 WARN ristinak.Day18Logging: This is a warning
22/08/18 15:35:43 ERROR ristinak.Day18Logging: This is an error!
22/08/18 15:41:20 WARN util.package: Truncated the string representation of a plan since it was too large. This behavior can be adjusted by setting 'spark.sql.debug.maxToStringFields'.
22/08/18 15:41:27 WARN executor.ProcfsMetricsGetter: Exception when trying to compute pagesize, as a result reporting of ProcessTree metrics is stopped
22/08/18 18:22:35 WARN executor.ProcfsMetricsGetter: Exception when trying to compute pagesize, as a result reporting of ProcessTree metrics is stopped
22/08/18 18:22:37 WARN zlib.ZlibFactory: Failed to load/initialize native-zlib library
22/08/19 09:16:14 WARN executor.ProcfsMetricsGetter: Exception when trying to compute pagesize, as a result reporting of ProcessTree metrics is stopped
22/08/19 12:50:04 WARN executor.ProcfsMetricsGetter: Exception when trying to compute pagesize, as a result reporting of ProcessTree metrics is stopped
22/08/22 12:56:47 WARN util.package: Truncated the string representation of a plan since it was too large. This behavior can be adjusted by setting 'spark.sql.debug.maxToStringFields'.
22/08/22 12:56:51 WARN executor.ProcfsMetricsGetter: Exception when trying to compute pagesize, as a result reporting of ProcessTree metrics is stopped
22/08/22 20:38:26 WARN zlib.ZlibFactory: Failed to load/initialize native-zlib library
22/08/22 20:38:27 WARN executor.ProcfsMetricsGetter: Exception when trying to compute pagesize, as a result reporting of ProcessTree metrics is stopped
22/08/23 18:34:46 WARN executor.ProcfsMetricsGetter: Exception when trying to compute pagesize, as a result reporting of ProcessTree metrics is stopped
22/08/23 18:34:54 WARN zlib.ZlibFactory: Failed to load/initialize native-zlib library
22/08/23 18:34:55 WARN netlib.InstanceBuilder$NativeBLAS: Failed to load implementation from:dev.ludovic.netlib.blas.JNIBLAS
22/08/23 18:34:55 WARN netlib.InstanceBuilder$NativeBLAS: Failed to load implementation from:dev.ludovic.netlib.blas.ForeignLinkerBLAS
22/08/23 18:34:55 WARN netlib.LAPACK: Failed to load implementation from: com.github.fommil.netlib.NativeSystemLAPACK
22/08/23 18:34:55 WARN netlib.LAPACK: Failed to load implementation from: com.github.fommil.netlib.NativeRefLAPACK
22/08/23 19:05:57 WARN zlib.ZlibFactory: Failed to load/initialize native-zlib library
22/08/23 19:06:00 WARN netlib.InstanceBuilder$NativeBLAS: Failed to load implementation from:dev.ludovic.netlib.blas.JNIBLAS
22/08/23 19:06:00 WARN netlib.InstanceBuilder$NativeBLAS: Failed to load implementation from:dev.ludovic.netlib.blas.ForeignLinkerBLAS
22/08/23 19:06:01 WARN impl.DecisionTreeMetadata: DecisionTree reducing maxBins from 32 to 5 (= number of training instances)
22/08/23 19:06:02 WARN executor.ProcfsMetricsGetter: Exception when trying to compute pagesize, as a result reporting of ProcessTree metrics is stopped
22/08/23 19:41:28 WARN util.package: Truncated the string representation of a plan since it was too large. This behavior can be adjusted by setting 'spark.sql.debug.maxToStringFields'.
22/08/23 19:41:33 WARN executor.ProcfsMetricsGetter: Exception when trying to compute pagesize, as a result reporting of ProcessTree metrics is stopped
22/08/23 19:48:03 WARN util.package: Truncated the string representation of a plan since it was too large. This behavior can be adjusted by setting 'spark.sql.debug.maxToStringFields'.
22/08/23 19:48:07 WARN executor.ProcfsMetricsGetter: Exception when trying to compute pagesize, as a result reporting of ProcessTree metrics is stopped
22/08/23 19:48:10 WARN netlib.InstanceBuilder$NativeBLAS: Failed to load implementation from:dev.ludovic.netlib.blas.JNIBLAS
22/08/23 19:48:10 WARN netlib.InstanceBuilder$NativeBLAS: Failed to load implementation from:dev.ludovic.netlib.blas.ForeignLinkerBLAS
22/08/23 19:51:50 WARN util.package: Truncated the string representation of a plan since it was too large. This behavior can be adjusted by setting 'spark.sql.debug.maxToStringFields'.
22/08/23 19:51:55 WARN executor.ProcfsMetricsGetter: Exception when trying to compute pagesize, as a result reporting of ProcessTree metrics is stopped
22/08/23 19:51:56 WARN netlib.InstanceBuilder$NativeBLAS: Failed to load implementation from:dev.ludovic.netlib.blas.JNIBLAS
22/08/23 19:51:56 WARN netlib.InstanceBuilder$NativeBLAS: Failed to load implementation from:dev.ludovic.netlib.blas.ForeignLinkerBLAS
22/08/23 19:52:43 WARN util.package: Truncated the string representation of a plan since it was too large. This behavior can be adjusted by setting 'spark.sql.debug.maxToStringFields'.
22/08/23 19:52:47 WARN executor.ProcfsMetricsGetter: Exception when trying to compute pagesize, as a result reporting of ProcessTree metrics is stopped
22/08/23 19:52:49 WARN netlib.InstanceBuilder$NativeBLAS: Failed to load implementation from:dev.ludovic.netlib.blas.JNIBLAS
22/08/23 19:52:49 WARN netlib.InstanceBuilder$NativeBLAS: Failed to load implementation from:dev.ludovic.netlib.blas.ForeignLinkerBLAS
